ARM GAS  /tmp/ccEIdYY3.s 			page 1


   1              		.cpu cortex-m3
   2              		.eabi_attribute 20, 1
   3              		.eabi_attribute 21, 1
   4              		.eabi_attribute 23, 3
   5              		.eabi_attribute 24, 1
   6              		.eabi_attribute 25, 1
   7              		.eabi_attribute 26, 1
   8              		.eabi_attribute 30, 1
   9              		.eabi_attribute 34, 1
  10              		.eabi_attribute 18, 4
  11              		.file	"app_monitor.c"
  12              		.text
  13              	.Ltext0:
  14              		.cfi_sections	.debug_frame
  15              		.section	.text.SystemGuardianTask,"ax",%progbits
  16              		.align	1
  17              		.global	SystemGuardianTask
  18              		.arch armv7-m
  19              		.syntax unified
  20              		.thumb
  21              		.thumb_func
  22              		.fpu softvfp
  24              	SystemGuardianTask:
  25              	.LFB69:
  26              		.file 1 "App/Monitor/app_monitor.c"
   1:App/Monitor/app_monitor.c **** /* App/Monitor/app_monitor.c */
   2:App/Monitor/app_monitor.c **** #include "app_monitor.h"
   3:App/Monitor/app_monitor.c **** #include "app.h"
   4:App/Monitor/app_monitor.c **** 
   5:App/Monitor/app_monitor.c **** 
   6:App/Monitor/app_monitor.c **** void SystemGuardianTask(void *argument)
   7:App/Monitor/app_monitor.c **** {
  27              		.loc 1 7 1 view -0
  28              		.cfi_startproc
  29              		@ Volatile: function does not return.
  30              		@ args = 0, pretend = 0, frame = 0
  31              		@ frame_needed = 0, uses_anonymous_args = 0
  32              	.LVL0:
  33              		.loc 1 7 1 is_stmt 0 view .LVU1
  34 0000 08B5     		push	{r3, lr}
  35              	.LCFI0:
  36              		.cfi_def_cfa_offset 8
  37              		.cfi_offset 3, -8
  38              		.cfi_offset 14, -4
  39              	.LVL1:
  40              	.L2:
   8:App/Monitor/app_monitor.c ****     for(;;) {
  41              		.loc 1 8 5 is_stmt 1 discriminator 1 view .LVU2
   9:App/Monitor/app_monitor.c ****         osDelay(10);
  42              		.loc 1 9 9 discriminator 1 view .LVU3
  43 0002 0A20     		movs	r0, #10
  44 0004 FFF7FEFF 		bl	osDelay
  45              	.LVL2:
   8:App/Monitor/app_monitor.c ****     for(;;) {
  46              		.loc 1 8 10 discriminator 1 view .LVU4
  47 0008 FBE7     		b	.L2
  48              		.cfi_endproc
ARM GAS  /tmp/ccEIdYY3.s 			page 2


  49              	.LFE69:
  51              		.text
  52              	.Letext0:
  53              		.file 2 "Middlewares/Third_Party/FreeRTOS/Source/CMSIS_RTOS_V2/cmsis_os2.h"
ARM GAS  /tmp/ccEIdYY3.s 			page 3


DEFINED SYMBOLS
                            *ABS*:0000000000000000 app_monitor.c
     /tmp/ccEIdYY3.s:16     .text.SystemGuardianTask:0000000000000000 $t
     /tmp/ccEIdYY3.s:24     .text.SystemGuardianTask:0000000000000000 SystemGuardianTask

UNDEFINED SYMBOLS
osDelay
