ARM GAS  /tmp/ccpDXilt.s 			page 1


   1              		.cpu cortex-m3
   2              		.eabi_attribute 20, 1
   3              		.eabi_attribute 21, 1
   4              		.eabi_attribute 23, 3
   5              		.eabi_attribute 24, 1
   6              		.eabi_attribute 25, 1
   7              		.eabi_attribute 26, 1
   8              		.eabi_attribute 30, 1
   9              		.eabi_attribute 34, 1
  10              		.eabi_attribute 18, 4
  11              		.file	"app_sensor.c"
  12              		.text
  13              	.Ltext0:
  14              		.cfi_sections	.debug_frame
  15              		.section	.text.SensorAcquisitionTask,"ax",%progbits
  16              		.align	1
  17              		.global	SensorAcquisitionTask
  18              		.arch armv7-m
  19              		.syntax unified
  20              		.thumb
  21              		.thumb_func
  22              		.fpu softvfp
  24              	SensorAcquisitionTask:
  25              	.LVL0:
  26              	.LFB69:
  27              		.file 1 "App/Sensor/app_sensor.c"
   1:App/Sensor/app_sensor.c **** /* App/Sensor/app_sensor.c */
   2:App/Sensor/app_sensor.c **** #include "app_sensor.h"
   3:App/Sensor/app_sensor.c **** #include "app.h"
   4:App/Sensor/app_sensor.c **** #include "mpu6050.h"
   5:App/Sensor/app_sensor.c **** 
   6:App/Sensor/app_sensor.c **** uint8_t g_mpu_id = 0;
   7:App/Sensor/app_sensor.c **** SoftI2C_Type MPU6050_I2C;
   8:App/Sensor/app_sensor.c **** 
   9:App/Sensor/app_sensor.c **** void SensorAcquisitionTask(void *argument)
  10:App/Sensor/app_sensor.c **** {
  28              		.loc 1 10 1 view -0
  29              		.cfi_startproc
  30              		@ Volatile: function does not return.
  31              		@ args = 0, pretend = 0, frame = 0
  32              		@ frame_needed = 0, uses_anonymous_args = 0
  33              		.loc 1 10 1 is_stmt 0 view .LVU1
  34 0000 08B5     		push	{r3, lr}
  35              	.LCFI0:
  36              		.cfi_def_cfa_offset 8
  37              		.cfi_offset 3, -8
  38              		.cfi_offset 14, -4
  11:App/Sensor/app_sensor.c ****     // 粘贴原来的代码
  12:App/Sensor/app_sensor.c ****     MPU6050_I2C.port = GPIOA;
  39              		.loc 1 12 5 is_stmt 1 view .LVU2
  40              		.loc 1 12 22 is_stmt 0 view .LVU3
  41 0002 0948     		ldr	r0, .L4
  42              	.LVL1:
  43              		.loc 1 12 22 view .LVU4
  44 0004 094B     		ldr	r3, .L4+4
  45 0006 0360     		str	r3, [r0]
  13:App/Sensor/app_sensor.c ****     MPU6050_I2C.scl_pin = GPIO_PIN_9;
ARM GAS  /tmp/ccpDXilt.s 			page 2


  46              		.loc 1 13 5 is_stmt 1 view .LVU5
  47              		.loc 1 13 25 is_stmt 0 view .LVU6
  48 0008 4FF40073 		mov	r3, #512
  49 000c 8380     		strh	r3, [r0, #4]	@ movhi
  14:App/Sensor/app_sensor.c ****     MPU6050_I2C.sda_pin = GPIO_PIN_10;
  50              		.loc 1 14 5 is_stmt 1 view .LVU7
  51              		.loc 1 14 25 is_stmt 0 view .LVU8
  52 000e 4FF48063 		mov	r3, #1024
  53 0012 C380     		strh	r3, [r0, #6]	@ movhi
  15:App/Sensor/app_sensor.c ****     MPU6050_Init(&MPU6050_I2C);
  54              		.loc 1 15 5 is_stmt 1 view .LVU9
  55 0014 FFF7FEFF 		bl	MPU6050_Init
  56              	.LVL2:
  16:App/Sensor/app_sensor.c ****     g_mpu_id = MPU6050_GetID();
  57              		.loc 1 16 5 view .LVU10
  58              		.loc 1 16 16 is_stmt 0 view .LVU11
  59 0018 FFF7FEFF 		bl	MPU6050_GetID
  60              	.LVL3:
  61              		.loc 1 16 14 view .LVU12
  62 001c 044B     		ldr	r3, .L4+8
  63 001e 1870     		strb	r0, [r3]
  64              	.L2:
  17:App/Sensor/app_sensor.c **** 
  18:App/Sensor/app_sensor.c ****     for(;;) {
  65              		.loc 1 18 5 is_stmt 1 discriminator 1 view .LVU13
  19:App/Sensor/app_sensor.c ****         osDelay(10);
  66              		.loc 1 19 9 discriminator 1 view .LVU14
  67 0020 0A20     		movs	r0, #10
  68 0022 FFF7FEFF 		bl	osDelay
  69              	.LVL4:
  18:App/Sensor/app_sensor.c ****         osDelay(10);
  70              		.loc 1 18 10 discriminator 1 view .LVU15
  71 0026 FBE7     		b	.L2
  72              	.L5:
  73              		.align	2
  74              	.L4:
  75 0028 00000000 		.word	.LANCHOR0
  76 002c 00080140 		.word	1073809408
  77 0030 00000000 		.word	.LANCHOR1
  78              		.cfi_endproc
  79              	.LFE69:
  81              		.global	MPU6050_I2C
  82              		.global	g_mpu_id
  83              		.section	.bss.MPU6050_I2C,"aw",%nobits
  84              		.align	2
  85              		.set	.LANCHOR0,. + 0
  88              	MPU6050_I2C:
  89 0000 00000000 		.space	8
  89      00000000 
  90              		.section	.bss.g_mpu_id,"aw",%nobits
  91              		.set	.LANCHOR1,. + 0
  94              	g_mpu_id:
  95 0000 00       		.space	1
  96              		.text
  97              	.Letext0:
  98              		.file 2 "/usr/lib/gcc/arm-none-eabi/10.3.1/include/stdint.h"
  99              		.file 3 "Drivers/CMSIS/Device/ST/STM32F1xx/Include/stm32f103xe.h"
ARM GAS  /tmp/ccpDXilt.s 			page 3


 100              		.file 4 "BSP/Inc/bsp_soft_i2c.h"
 101              		.file 5 "App/app.h"
 102              		.file 6 "Hardware/MPU6050/mpu6050.h"
 103              		.file 7 "Middlewares/Third_Party/FreeRTOS/Source/CMSIS_RTOS_V2/cmsis_os2.h"
 104              		.file 8 "Core/Inc/global.h"
ARM GAS  /tmp/ccpDXilt.s 			page 4


DEFINED SYMBOLS
                            *ABS*:0000000000000000 app_sensor.c
     /tmp/ccpDXilt.s:16     .text.SensorAcquisitionTask:0000000000000000 $t
     /tmp/ccpDXilt.s:24     .text.SensorAcquisitionTask:0000000000000000 SensorAcquisitionTask
     /tmp/ccpDXilt.s:75     .text.SensorAcquisitionTask:0000000000000028 $d
     /tmp/ccpDXilt.s:88     .bss.MPU6050_I2C:0000000000000000 MPU6050_I2C
     /tmp/ccpDXilt.s:94     .bss.g_mpu_id:0000000000000000 g_mpu_id
     /tmp/ccpDXilt.s:84     .bss.MPU6050_I2C:0000000000000000 $d
     /tmp/ccpDXilt.s:95     .bss.g_mpu_id:0000000000000000 $d

UNDEFINED SYMBOLS
MPU6050_Init
MPU6050_GetID
osDelay
