ARM GAS  /tmp/cckPZVN7.s 			page 1


   1              		.cpu cortex-m3
   2              		.eabi_attribute 20, 1
   3              		.eabi_attribute 21, 1
   4              		.eabi_attribute 23, 3
   5              		.eabi_attribute 24, 1
   6              		.eabi_attribute 25, 1
   7              		.eabi_attribute 26, 1
   8              		.eabi_attribute 30, 1
   9              		.eabi_attribute 34, 1
  10              		.eabi_attribute 18, 4
  11              		.file	"kinematics.c"
  12              		.text
  13              	.Ltext0:
  14              		.cfi_sections	.debug_frame
  15              		.global	__aeabi_fadd
  16              		.global	__aeabi_fmul
  17              		.section	.text.Kinematics_SetWheelDistance,"ax",%progbits
  18              		.align	1
  19              		.global	Kinematics_SetWheelDistance
  20              		.arch armv7-m
  21              		.syntax unified
  22              		.thumb
  23              		.thumb_func
  24              		.fpu softvfp
  26              	Kinematics_SetWheelDistance:
  27              	.LVL0:
  28              	.LFB66:
  29              		.file 1 "Control/kinematics/kinematics.c"
   1:Control/kinematics/kinematics.c **** #include "kinematics.h"
   2:Control/kinematics/kinematics.c **** #include "stm32f1xx_hal_tim.h"
   3:Control/kinematics/kinematics.c **** #include <string.h>
   4:Control/kinematics/kinematics.c **** 
   5:Control/kinematics/kinematics.c **** const float PI = 3.14159265f;
   6:Control/kinematics/kinematics.c **** const float WHEEL_DIAMETER_MM = 3.0f * 25.4f; // 3英寸转mm
   7:Control/kinematics/kinematics.c **** const float ENCODER_TICKS_PER_REV = 1320.0f;  // 11*4*300.0f; // 11齿盘 * 4倍频 * 30减速比
   8:Control/kinematics/kinematics.c **** const float WHEEL_BASE = 0.21f; // 前后轴距，单位mm
   9:Control/kinematics/kinematics.c **** const float TRACK_WIDTH = 0.2f; // 左右轮距，单位mm
  10:Control/kinematics/kinematics.c **** 
  11:Control/kinematics/kinematics.c **** const float CONTROL_PERIOD_S = 0.01f;
  12:Control/kinematics/kinematics.c **** 
  13:Control/kinematics/kinematics.c **** 
  14:Control/kinematics/kinematics.c **** // 初始化：清空所有数据
  15:Control/kinematics/kinematics.c **** void Kinematics_Init(Kinematics_t *kin) {
  16:Control/kinematics/kinematics.c ****     memset(kin, 0, sizeof(Kinematics_t));
  17:Control/kinematics/kinematics.c **** 
  18:Control/kinematics/kinematics.c ****     Kinematics_SetWheelDistance(kin, WHEEL_BASE, TRACK_WIDTH); // 使用全局变量
  19:Control/kinematics/kinematics.c **** 
  20:Control/kinematics/kinematics.c ****     // 计算系数
  21:Control/kinematics/kinematics.c ****     float per_pulse_dist = (PI * WHEEL_DIAMETER_MM) / ENCODER_TICKS_PER_REV; 
  22:Control/kinematics/kinematics.c ****     // 结果大约是 0.181355mm/脉冲
  23:Control/kinematics/kinematics.c ****     for(int i = 0; i < MOTOR_COUNT; i++) {
  24:Control/kinematics/kinematics.c ****         // 填入计算出的系数
  25:Control/kinematics/kinematics.c ****         Kinematics_SetMotorParam(kin, (MotorID_t)i, per_pulse_dist); 
  26:Control/kinematics/kinematics.c ****     }
  27:Control/kinematics/kinematics.c **** }
  28:Control/kinematics/kinematics.c **** 
  29:Control/kinematics/kinematics.c **** // 设置轮距与轴距：计算出那个关键的 l_sum
ARM GAS  /tmp/cckPZVN7.s 			page 2


  30:Control/kinematics/kinematics.c **** void Kinematics_SetWheelDistance(Kinematics_t *kin, float wheel_base, float track_width) {
  30              		.loc 1 30 90 view -0
  31              		.cfi_startproc
  32              		@ args = 0, pretend = 0, frame = 0
  33              		@ frame_needed = 0, uses_anonymous_args = 0
  34              		.loc 1 30 90 is_stmt 0 view .LVU1
  35 0000 10B5     		push	{r4, lr}
  36              	.LCFI0:
  37              		.cfi_def_cfa_offset 8
  38              		.cfi_offset 4, -8
  39              		.cfi_offset 14, -4
  40 0002 0446     		mov	r4, r0
  41 0004 0846     		mov	r0, r1
  42              	.LVL1:
  43              		.loc 1 30 90 view .LVU2
  44 0006 1146     		mov	r1, r2
  45              	.LVL2:
  31:Control/kinematics/kinematics.c ****     kin->wheel_base = wheel_base;
  46              		.loc 1 31 5 is_stmt 1 view .LVU3
  47              		.loc 1 31 21 is_stmt 0 view .LVU4
  48 0008 2060     		str	r0, [r4]	@ float
  32:Control/kinematics/kinematics.c ****     kin->track_width = track_width;
  49              		.loc 1 32 5 is_stmt 1 view .LVU5
  50              		.loc 1 32 22 is_stmt 0 view .LVU6
  51 000a 6260     		str	r2, [r4, #4]	@ float
  33:Control/kinematics/kinematics.c ****     // 麦轮物理特性的几何常数：长宽之和的一半
  34:Control/kinematics/kinematics.c ****     kin->l_sum = (wheel_base + track_width) / 2.0f;
  52              		.loc 1 34 5 is_stmt 1 view .LVU7
  53              		.loc 1 34 30 is_stmt 0 view .LVU8
  54 000c FFF7FEFF 		bl	__aeabi_fadd
  55              	.LVL3:
  56              		.loc 1 34 45 view .LVU9
  57 0010 4FF07C51 		mov	r1, #1056964608
  58 0014 FFF7FEFF 		bl	__aeabi_fmul
  59              	.LVL4:
  60              		.loc 1 34 16 view .LVU10
  61 0018 A060     		str	r0, [r4, #8]	@ float
  35:Control/kinematics/kinematics.c **** }
  62              		.loc 1 35 1 view .LVU11
  63 001a 10BD     		pop	{r4, pc}
  64              		.loc 1 35 1 view .LVU12
  65              		.cfi_endproc
  66              	.LFE66:
  68              		.section	.text.Kinematics_SetMotorParam,"ax",%progbits
  69              		.align	1
  70              		.global	Kinematics_SetMotorParam
  71              		.syntax unified
  72              		.thumb
  73              		.thumb_func
  74              		.fpu softvfp
  76              	Kinematics_SetMotorParam:
  77              	.LVL5:
  78              	.LFB67:
  36:Control/kinematics/kinematics.c **** 
  37:Control/kinematics/kinematics.c **** // 设置电机系数
  38:Control/kinematics/kinematics.c **** void Kinematics_SetMotorParam(Kinematics_t *kin, MotorID_t id, float per_pulse_distance) {
  79              		.loc 1 38 90 is_stmt 1 view -0
ARM GAS  /tmp/cckPZVN7.s 			page 3


  80              		.cfi_startproc
  81              		@ args = 0, pretend = 0, frame = 0
  82              		@ frame_needed = 0, uses_anonymous_args = 0
  83              		@ link register save eliminated.
  39:Control/kinematics/kinematics.c ****     if (id < MOTOR_COUNT) {
  84              		.loc 1 39 5 view .LVU14
  85              		.loc 1 39 8 is_stmt 0 view .LVU15
  86 0000 0329     		cmp	r1, #3
  87 0002 04D8     		bhi	.L3
  40:Control/kinematics/kinematics.c ****         kin->motor[id].per_pulse_distance = per_pulse_distance;
  88              		.loc 1 40 9 is_stmt 1 view .LVU16
  89              		.loc 1 40 43 is_stmt 0 view .LVU17
  90 0004 01EB4101 		add	r1, r1, r1, lsl #1
  91              	.LVL6:
  92              		.loc 1 40 43 view .LVU18
  93 0008 00EB8100 		add	r0, r0, r1, lsl #2
  94              	.LVL7:
  95              		.loc 1 40 43 view .LVU19
  96 000c C260     		str	r2, [r0, #12]	@ float
  97              	.L3:
  41:Control/kinematics/kinematics.c ****     }
  42:Control/kinematics/kinematics.c **** }
  98              		.loc 1 42 1 view .LVU20
  99 000e 7047     		bx	lr
 100              		.cfi_endproc
 101              	.LFE67:
 103              		.section	.text.Kinematics_Init,"ax",%progbits
 104              		.align	1
 105              		.global	Kinematics_Init
 106              		.syntax unified
 107              		.thumb
 108              		.thumb_func
 109              		.fpu softvfp
 111              	Kinematics_Init:
 112              	.LVL8:
 113              	.LFB65:
  15:Control/kinematics/kinematics.c ****     memset(kin, 0, sizeof(Kinematics_t));
 114              		.loc 1 15 41 is_stmt 1 view -0
 115              		.cfi_startproc
 116              		@ args = 0, pretend = 0, frame = 0
 117              		@ frame_needed = 0, uses_anonymous_args = 0
  15:Control/kinematics/kinematics.c ****     memset(kin, 0, sizeof(Kinematics_t));
 118              		.loc 1 15 41 is_stmt 0 view .LVU22
 119 0000 38B5     		push	{r3, r4, r5, lr}
 120              	.LCFI1:
 121              		.cfi_def_cfa_offset 16
 122              		.cfi_offset 3, -16
 123              		.cfi_offset 4, -12
 124              		.cfi_offset 5, -8
 125              		.cfi_offset 14, -4
 126 0002 0546     		mov	r5, r0
  16:Control/kinematics/kinematics.c **** 
 127              		.loc 1 16 5 is_stmt 1 view .LVU23
 128 0004 3C22     		movs	r2, #60
 129 0006 0021     		movs	r1, #0
 130 0008 FFF7FEFF 		bl	memset
 131              	.LVL9:
ARM GAS  /tmp/cckPZVN7.s 			page 4


  18:Control/kinematics/kinematics.c **** 
 132              		.loc 1 18 5 view .LVU24
 133 000c 074A     		ldr	r2, .L9
 134 000e 0849     		ldr	r1, .L9+4
 135 0010 2846     		mov	r0, r5
 136 0012 FFF7FEFF 		bl	Kinematics_SetWheelDistance
 137              	.LVL10:
  21:Control/kinematics/kinematics.c ****     // 结果大约是 0.181355mm/脉冲
 138              		.loc 1 21 5 view .LVU25
  23:Control/kinematics/kinematics.c ****         // 填入计算出的系数
 139              		.loc 1 23 5 view .LVU26
 140              	.LBB2:
  23:Control/kinematics/kinematics.c ****         // 填入计算出的系数
 141              		.loc 1 23 9 view .LVU27
  23:Control/kinematics/kinematics.c ****         // 填入计算出的系数
 142              		.loc 1 23 13 is_stmt 0 view .LVU28
 143 0016 0024     		movs	r4, #0
  23:Control/kinematics/kinematics.c ****         // 填入计算出的系数
 144              		.loc 1 23 5 view .LVU29
 145 0018 05E0     		b	.L6
 146              	.LVL11:
 147              	.L7:
  25:Control/kinematics/kinematics.c ****     }
 148              		.loc 1 25 9 is_stmt 1 discriminator 3 view .LVU30
 149 001a 064A     		ldr	r2, .L9+8
 150 001c E1B2     		uxtb	r1, r4
 151 001e 2846     		mov	r0, r5
 152 0020 FFF7FEFF 		bl	Kinematics_SetMotorParam
 153              	.LVL12:
  23:Control/kinematics/kinematics.c ****         // 填入计算出的系数
 154              		.loc 1 23 37 discriminator 3 view .LVU31
  23:Control/kinematics/kinematics.c ****         // 填入计算出的系数
 155              		.loc 1 23 38 is_stmt 0 discriminator 3 view .LVU32
 156 0024 0134     		adds	r4, r4, #1
 157              	.LVL13:
 158              	.L6:
  23:Control/kinematics/kinematics.c ****         // 填入计算出的系数
 159              		.loc 1 23 20 is_stmt 1 discriminator 1 view .LVU33
  23:Control/kinematics/kinematics.c ****         // 填入计算出的系数
 160              		.loc 1 23 5 is_stmt 0 discriminator 1 view .LVU34
 161 0026 032C     		cmp	r4, #3
 162 0028 F7DD     		ble	.L7
 163              	.LBE2:
  27:Control/kinematics/kinematics.c **** 
 164              		.loc 1 27 1 view .LVU35
 165 002a 38BD     		pop	{r3, r4, r5, pc}
 166              	.LVL14:
 167              	.L10:
  27:Control/kinematics/kinematics.c **** 
 168              		.loc 1 27 1 view .LVU36
 169              		.align	2
 170              	.L9:
 171 002c CDCC4C3E 		.word	1045220557
 172 0030 3D0A573E 		.word	1045891645
 173 0034 47B5393E 		.word	1043969351
 174              		.cfi_endproc
 175              	.LFE65:
ARM GAS  /tmp/cckPZVN7.s 			page 5


 177              		.global	__aeabi_fsub
 178              		.section	.text.Kinematics_Inverse,"ax",%progbits
 179              		.align	1
 180              		.global	Kinematics_Inverse
 181              		.syntax unified
 182              		.thumb
 183              		.thumb_func
 184              		.fpu softvfp
 186              	Kinematics_Inverse:
 187              	.LVL15:
 188              	.LFB68:
  43:Control/kinematics/kinematics.c **** 
  44:Control/kinematics/kinematics.c **** /**
  45:Control/kinematics/kinematics.c ****  * @brief 麦克纳姆轮逆解：车体速度 -> 4个轮子的目标线速度
  46:Control/kinematics/kinematics.c ****  * @param vx 期望前后速度 (前进为正, mm/s)
  47:Control/kinematics/kinematics.c ****  * @param vy 期望左右速度 (左移为正, mm/s)
  48:Control/kinematics/kinematics.c ****  * @param wz 期望旋转角速度 (逆时针为正, rad/s)
  49:Control/kinematics/kinematics.c ****  * @param speeds 输出数组，存储 LF, RF, LR, RR 的目标线速度
  50:Control/kinematics/kinematics.c ****  */
  51:Control/kinematics/kinematics.c **** void Kinematics_Inverse(Kinematics_t *kin, float vx, float vy, float wz, float *speeds) {
 189              		.loc 1 51 89 is_stmt 1 view -0
 190              		.cfi_startproc
 191              		@ args = 4, pretend = 0, frame = 0
 192              		@ frame_needed = 0, uses_anonymous_args = 0
 193              		.loc 1 51 89 is_stmt 0 view .LVU38
 194 0000 2DE9F843 		push	{r3, r4, r5, r6, r7, r8, r9, lr}
 195              	.LCFI2:
 196              		.cfi_def_cfa_offset 32
 197              		.cfi_offset 3, -32
 198              		.cfi_offset 4, -28
 199              		.cfi_offset 5, -24
 200              		.cfi_offset 6, -20
 201              		.cfi_offset 7, -16
 202              		.cfi_offset 8, -12
 203              		.cfi_offset 9, -8
 204              		.cfi_offset 14, -4
 205 0004 0446     		mov	r4, r0
 206 0006 8846     		mov	r8, r1
 207 0008 9146     		mov	r9, r2
 208 000a 1D46     		mov	r5, r3
 209 000c 089E     		ldr	r6, [sp, #32]
  52:Control/kinematics/kinematics.c ****     // 1. 左前轮 (Left Front)
  53:Control/kinematics/kinematics.c ****     speeds[0] = vx - vy - wz * kin->l_sum;
 210              		.loc 1 53 5 is_stmt 1 view .LVU39
 211              		.loc 1 53 20 is_stmt 0 view .LVU40
 212 000e 1146     		mov	r1, r2
 213              	.LVL16:
 214              		.loc 1 53 20 view .LVU41
 215 0010 4046     		mov	r0, r8
 216              	.LVL17:
 217              		.loc 1 53 20 view .LVU42
 218 0012 FFF7FEFF 		bl	__aeabi_fsub
 219              	.LVL18:
 220              		.loc 1 53 20 view .LVU43
 221 0016 0746     		mov	r7, r0
 222              		.loc 1 53 30 view .LVU44
 223 0018 2946     		mov	r1, r5
ARM GAS  /tmp/cckPZVN7.s 			page 6


 224 001a A068     		ldr	r0, [r4, #8]	@ float
 225 001c FFF7FEFF 		bl	__aeabi_fmul
 226              	.LVL19:
 227 0020 0146     		mov	r1, r0
 228              		.loc 1 53 25 view .LVU45
 229 0022 3846     		mov	r0, r7
 230 0024 FFF7FEFF 		bl	__aeabi_fsub
 231              	.LVL20:
 232              		.loc 1 53 15 view .LVU46
 233 0028 3060     		str	r0, [r6]	@ float
  54:Control/kinematics/kinematics.c ****     // 2. 右前轮 (Right Front)
  55:Control/kinematics/kinematics.c ****     speeds[1] = vx + vy + wz * kin->l_sum;
 234              		.loc 1 55 5 is_stmt 1 view .LVU47
 235              		.loc 1 55 20 is_stmt 0 view .LVU48
 236 002a 4946     		mov	r1, r9
 237 002c 4046     		mov	r0, r8
 238 002e FFF7FEFF 		bl	__aeabi_fadd
 239              	.LVL21:
 240 0032 8046     		mov	r8, r0
 241              	.LVL22:
 242              		.loc 1 55 30 view .LVU49
 243 0034 2946     		mov	r1, r5
 244 0036 A068     		ldr	r0, [r4, #8]	@ float
 245 0038 FFF7FEFF 		bl	__aeabi_fmul
 246              	.LVL23:
 247 003c 0146     		mov	r1, r0
 248              		.loc 1 55 25 view .LVU50
 249 003e 4046     		mov	r0, r8
 250 0040 FFF7FEFF 		bl	__aeabi_fadd
 251              	.LVL24:
 252              		.loc 1 55 15 view .LVU51
 253 0044 7060     		str	r0, [r6, #4]	@ float
  56:Control/kinematics/kinematics.c ****     // 3. 左后轮 (Left Rear)
  57:Control/kinematics/kinematics.c ****     speeds[2] = vx + vy - wz * kin->l_sum;
 254              		.loc 1 57 5 is_stmt 1 view .LVU52
 255              		.loc 1 57 30 is_stmt 0 view .LVU53
 256 0046 2946     		mov	r1, r5
 257 0048 A068     		ldr	r0, [r4, #8]	@ float
 258 004a FFF7FEFF 		bl	__aeabi_fmul
 259              	.LVL25:
 260 004e 0146     		mov	r1, r0
 261              		.loc 1 57 25 view .LVU54
 262 0050 4046     		mov	r0, r8
 263 0052 FFF7FEFF 		bl	__aeabi_fsub
 264              	.LVL26:
 265              		.loc 1 57 15 view .LVU55
 266 0056 B060     		str	r0, [r6, #8]	@ float
  58:Control/kinematics/kinematics.c ****     // 4. 右后轮 (Right Rear)
  59:Control/kinematics/kinematics.c ****     speeds[3] = vx - vy + wz * kin->l_sum;
 267              		.loc 1 59 5 is_stmt 1 view .LVU56
 268              		.loc 1 59 30 is_stmt 0 view .LVU57
 269 0058 2946     		mov	r1, r5
 270 005a A068     		ldr	r0, [r4, #8]	@ float
 271 005c FFF7FEFF 		bl	__aeabi_fmul
 272              	.LVL27:
 273 0060 0146     		mov	r1, r0
 274              		.loc 1 59 25 view .LVU58
ARM GAS  /tmp/cckPZVN7.s 			page 7


 275 0062 3846     		mov	r0, r7
 276 0064 FFF7FEFF 		bl	__aeabi_fadd
 277              	.LVL28:
 278              		.loc 1 59 15 view .LVU59
 279 0068 F060     		str	r0, [r6, #12]	@ float
  60:Control/kinematics/kinematics.c **** }
 280              		.loc 1 60 1 view .LVU60
 281 006a BDE8F883 		pop	{r3, r4, r5, r6, r7, r8, r9, pc}
 282              		.loc 1 60 1 view .LVU61
 283              		.cfi_endproc
 284              	.LFE68:
 286              		.global	__aeabi_fdiv
 287              		.section	.text.Kinematics_Forward,"ax",%progbits
 288              		.align	1
 289              		.global	Kinematics_Forward
 290              		.syntax unified
 291              		.thumb
 292              		.thumb_func
 293              		.fpu softvfp
 295              	Kinematics_Forward:
 296              	.LVL29:
 297              	.LFB69:
  61:Control/kinematics/kinematics.c **** 
  62:Control/kinematics/kinematics.c **** /**
  63:Control/kinematics/kinematics.c ****  * @brief 麦克纳姆轮正解：4个轮子的实际线速度 -> 车体实际速度
  64:Control/kinematics/kinematics.c ****  * @param speeds 输入数组，当前 LF, RF, LR, RR 的实际线速度 (mm/s)
  65:Control/kinematics/kinematics.c ****  * @param vx 输出当前前后方向实际速度
  66:Control/kinematics/kinematics.c ****  * @param vy 输出当前左右方向实际速度
  67:Control/kinematics/kinematics.c ****  * @param wz 输出当前自转实际角速度
  68:Control/kinematics/kinematics.c ****  */
  69:Control/kinematics/kinematics.c **** void Kinematics_Forward(Kinematics_t *kin, float *vx, float *vy, float *wz) {
 298              		.loc 1 69 77 is_stmt 1 view -0
 299              		.cfi_startproc
 300              		@ args = 0, pretend = 0, frame = 0
 301              		@ frame_needed = 0, uses_anonymous_args = 0
 302              		.loc 1 69 77 is_stmt 0 view .LVU63
 303 0000 F8B5     		push	{r3, r4, r5, r6, r7, lr}
 304              	.LCFI3:
 305              		.cfi_def_cfa_offset 24
 306              		.cfi_offset 3, -24
 307              		.cfi_offset 4, -20
 308              		.cfi_offset 5, -16
 309              		.cfi_offset 6, -12
 310              		.cfi_offset 7, -8
 311              		.cfi_offset 14, -4
 312 0002 0446     		mov	r4, r0
 313 0004 0F46     		mov	r7, r1
 314 0006 1646     		mov	r6, r2
 315 0008 1D46     		mov	r5, r3
  70:Control/kinematics/kinematics.c ****     // 正解是逆解的矩阵求逆运算（或者简单的算术平均）
  71:Control/kinematics/kinematics.c ****     *vx = (kin->motor[MOTOR_LF].current_speed + kin->motor[MOTOR_RF].current_speed + kin->motor[MOT
 316              		.loc 1 71 5 is_stmt 1 view .LVU64
 317              		.loc 1 71 47 is_stmt 0 view .LVU65
 318 000a 016A     		ldr	r1, [r0, #32]	@ float
 319              	.LVL30:
 320              		.loc 1 71 47 view .LVU66
 321 000c 4069     		ldr	r0, [r0, #20]	@ float
ARM GAS  /tmp/cckPZVN7.s 			page 8


 322              	.LVL31:
 323              		.loc 1 71 47 view .LVU67
 324 000e FFF7FEFF 		bl	__aeabi_fadd
 325              	.LVL32:
 326              		.loc 1 71 84 view .LVU68
 327 0012 E16A     		ldr	r1, [r4, #44]	@ float
 328 0014 FFF7FEFF 		bl	__aeabi_fadd
 329              	.LVL33:
 330              		.loc 1 71 121 view .LVU69
 331 0018 A16B     		ldr	r1, [r4, #56]	@ float
 332 001a FFF7FEFF 		bl	__aeabi_fadd
 333              	.LVL34:
 334              		.loc 1 71 159 view .LVU70
 335 001e 4FF07A51 		mov	r1, #1048576000
 336 0022 FFF7FEFF 		bl	__aeabi_fmul
 337              	.LVL35:
 338              		.loc 1 71 9 view .LVU71
 339 0026 3860     		str	r0, [r7]	@ float
  72:Control/kinematics/kinematics.c ****     *vy = (-kin->motor[MOTOR_LF].current_speed + kin->motor[MOTOR_RF].current_speed + kin->motor[MO
 340              		.loc 1 72 5 is_stmt 1 view .LVU72
 341              		.loc 1 72 48 is_stmt 0 view .LVU73
 342 0028 6169     		ldr	r1, [r4, #20]	@ float
 343 002a 206A     		ldr	r0, [r4, #32]	@ float
 344 002c FFF7FEFF 		bl	__aeabi_fsub
 345              	.LVL36:
 346              		.loc 1 72 85 view .LVU74
 347 0030 E16A     		ldr	r1, [r4, #44]	@ float
 348 0032 FFF7FEFF 		bl	__aeabi_fadd
 349              	.LVL37:
 350              		.loc 1 72 122 view .LVU75
 351 0036 A16B     		ldr	r1, [r4, #56]	@ float
 352 0038 FFF7FEFF 		bl	__aeabi_fsub
 353              	.LVL38:
 354              		.loc 1 72 160 view .LVU76
 355 003c 4FF07A51 		mov	r1, #1048576000
 356 0040 FFF7FEFF 		bl	__aeabi_fmul
 357              	.LVL39:
 358              		.loc 1 72 9 view .LVU77
 359 0044 3060     		str	r0, [r6]	@ float
  73:Control/kinematics/kinematics.c ****     *wz = (-kin->motor[MOTOR_LF].current_speed + kin->motor[MOTOR_RF].current_speed - kin->motor[MO
 360              		.loc 1 73 5 is_stmt 1 view .LVU78
 361              		.loc 1 73 48 is_stmt 0 view .LVU79
 362 0046 6169     		ldr	r1, [r4, #20]	@ float
 363 0048 206A     		ldr	r0, [r4, #32]	@ float
 364 004a FFF7FEFF 		bl	__aeabi_fsub
 365              	.LVL40:
 366              		.loc 1 73 85 view .LVU80
 367 004e E16A     		ldr	r1, [r4, #44]	@ float
 368 0050 FFF7FEFF 		bl	__aeabi_fsub
 369              	.LVL41:
 370              		.loc 1 73 122 view .LVU81
 371 0054 A16B     		ldr	r1, [r4, #56]	@ float
 372 0056 FFF7FEFF 		bl	__aeabi_fadd
 373              	.LVL42:
 374 005a 0646     		mov	r6, r0
 375              	.LVL43:
 376              		.loc 1 73 168 view .LVU82
ARM GAS  /tmp/cckPZVN7.s 			page 9


 377 005c 4FF08141 		mov	r1, #1082130432
 378 0060 A068     		ldr	r0, [r4, #8]	@ float
 379 0062 FFF7FEFF 		bl	__aeabi_fmul
 380              	.LVL44:
 381 0066 0146     		mov	r1, r0
 382              		.loc 1 73 160 view .LVU83
 383 0068 3046     		mov	r0, r6
 384 006a FFF7FEFF 		bl	__aeabi_fdiv
 385              	.LVL45:
 386              		.loc 1 73 9 view .LVU84
 387 006e 2860     		str	r0, [r5]	@ float
  74:Control/kinematics/kinematics.c **** }
 388              		.loc 1 74 1 view .LVU85
 389 0070 F8BD     		pop	{r3, r4, r5, r6, r7, pc}
 390              		.loc 1 74 1 view .LVU86
 391              		.cfi_endproc
 392              	.LFE69:
 394              		.global	__aeabi_i2f
 395              		.section	.text.Kinematics_UpdateMotorSpeed,"ax",%progbits
 396              		.align	1
 397              		.global	Kinematics_UpdateMotorSpeed
 398              		.syntax unified
 399              		.thumb
 400              		.thumb_func
 401              		.fpu softvfp
 403              	Kinematics_UpdateMotorSpeed:
 404              	.LVL46:
 405              	.LFB70:
  75:Control/kinematics/kinematics.c **** 
  76:Control/kinematics/kinematics.c **** /**
  77:Control/kinematics/kinematics.c ****  * @brief 更新电机速度
  78:Control/kinematics/kinematics.c ****  * @param ticks 传入一个包含4个电机当前计数值的数组
  79:Control/kinematics/kinematics.c ****  */
  80:Control/kinematics/kinematics.c **** void Kinematics_UpdateMotorSpeed(Kinematics_t *kin, Motor_t *Motor) {
 406              		.loc 1 80 69 is_stmt 1 view -0
 407              		.cfi_startproc
 408              		@ args = 0, pretend = 0, frame = 0
 409              		@ frame_needed = 0, uses_anonymous_args = 0
 410              		.loc 1 80 69 is_stmt 0 view .LVU88
 411 0000 2DE9F047 		push	{r4, r5, r6, r7, r8, r9, r10, lr}
 412              	.LCFI4:
 413              		.cfi_def_cfa_offset 32
 414              		.cfi_offset 4, -32
 415              		.cfi_offset 5, -28
 416              		.cfi_offset 6, -24
 417              		.cfi_offset 7, -20
 418              		.cfi_offset 8, -16
 419              		.cfi_offset 9, -12
 420              		.cfi_offset 10, -8
 421              		.cfi_offset 14, -4
 422 0004 8246     		mov	r10, r0
 423 0006 8946     		mov	r9, r1
  81:Control/kinematics/kinematics.c ****     for (int id = 0; id < MOTOR_COUNT; id++) {
 424              		.loc 1 81 5 is_stmt 1 view .LVU89
 425              	.LBB3:
 426              		.loc 1 81 10 view .LVU90
 427              	.LVL47:
ARM GAS  /tmp/cckPZVN7.s 			page 10


 428              		.loc 1 81 14 is_stmt 0 view .LVU91
 429 0008 0024     		movs	r4, #0
 430              		.loc 1 81 5 view .LVU92
 431 000a 25E0     		b	.L16
 432              	.LVL48:
 433              	.L17:
 434              	.LBB4:
  82:Control/kinematics/kinematics.c ****             // 1. 读取当前定时器的编码器计数值
  83:Control/kinematics/kinematics.c ****             int16_t current_ticks = (int16_t)__HAL_TIM_GET_COUNTER(Motor[id].enc_tim);
 435              		.loc 1 83 13 is_stmt 1 discriminator 3 view .LVU93
 436              		.loc 1 83 46 is_stmt 0 discriminator 3 view .LVU94
 437 000c 04EBC407 		add	r7, r4, r4, lsl #3
 438 0010 09EB8707 		add	r7, r9, r7, lsl #2
 439 0014 BB68     		ldr	r3, [r7, #8]
 440 0016 1B68     		ldr	r3, [r3]
 441 0018 5E6A     		ldr	r6, [r3, #36]
 442              	.LVL49:
  84:Control/kinematics/kinematics.c **** 
  85:Control/kinematics/kinematics.c ****             // 2. 计算脉冲差值
  86:Control/kinematics/kinematics.c ****             // (强制转换为 int16_t 可以完美且自动地处理 65535->0 或 0->65535 的溢
  87:Control/kinematics/kinematics.c ****             int16_t delta_tick = (int16_t)(current_ticks - kin->motor[id].last_tick);
 443              		.loc 1 87 13 is_stmt 1 discriminator 3 view .LVU95
 444              		.loc 1 87 58 is_stmt 0 discriminator 3 view .LVU96
 445 001a B6B2     		uxth	r6, r6
 446              		.loc 1 87 74 discriminator 3 view .LVU97
 447 001c 04EB4405 		add	r5, r4, r4, lsl #1
 448 0020 0AEB8505 		add	r5, r10, r5, lsl #2
 449 0024 288A     		ldrh	r0, [r5, #16]
 450              		.loc 1 87 58 discriminator 3 view .LVU98
 451 0026 301A     		subs	r0, r6, r0
 452              	.LVL50:
  88:Control/kinematics/kinematics.c **** 
  89:Control/kinematics/kinematics.c ****             // __HAL_TIM_SET_COUNTER(Motor[id].enc_tim, 0);
  90:Control/kinematics/kinematics.c **** 
  91:Control/kinematics/kinematics.c ****             // 3. 计算这一拍走过的物理距离 (单位：米 m)
  92:Control/kinematics/kinematics.c ****             // 公式：脉冲差 * 毫米/脉冲系数 * 电机极性(1或-1) / 1000.0f
  93:Control/kinematics/kinematics.c ****             float distance = delta_tick * kin->motor[id].per_pulse_distance * Motor[id].polarity / 
 453              		.loc 1 93 13 is_stmt 1 discriminator 3 view .LVU99
 454              		.loc 1 93 57 is_stmt 0 discriminator 3 view .LVU100
 455 0028 D5F80C80 		ldr	r8, [r5, #12]	@ float
 456              		.loc 1 93 41 discriminator 3 view .LVU101
 457 002c 00B2     		sxth	r0, r0
 458              		.loc 1 93 41 discriminator 3 view .LVU102
 459 002e FFF7FEFF 		bl	__aeabi_i2f
 460              	.LVL51:
 461              		.loc 1 93 41 discriminator 3 view .LVU103
 462 0032 4146     		mov	r1, r8
 463 0034 FFF7FEFF 		bl	__aeabi_fmul
 464              	.LVL52:
 465 0038 8046     		mov	r8, r0
 466              		.loc 1 93 77 discriminator 3 view .LVU104
 467 003a B869     		ldr	r0, [r7, #24]
 468 003c FFF7FEFF 		bl	__aeabi_i2f
 469              	.LVL53:
 470 0040 4146     		mov	r1, r8
 471 0042 FFF7FEFF 		bl	__aeabi_fmul
 472              	.LVL54:
ARM GAS  /tmp/cckPZVN7.s 			page 11


 473              		.loc 1 93 19 discriminator 3 view .LVU105
 474 0046 0649     		ldr	r1, .L19
 475 0048 FFF7FEFF 		bl	__aeabi_fdiv
 476              	.LVL55:
  94:Control/kinematics/kinematics.c **** 
  95:Control/kinematics/kinematics.c ****             // 5. 计算最终的线速度 (单位：m/s)
  96:Control/kinematics/kinematics.c ****             // 公式：速度 = 距离 / 时间
  97:Control/kinematics/kinematics.c ****             kin->motor[id].current_speed = distance / CONTROL_PERIOD_S;
 477              		.loc 1 97 13 is_stmt 1 discriminator 3 view .LVU106
 478              		.loc 1 97 53 is_stmt 0 discriminator 3 view .LVU107
 479 004c 0549     		ldr	r1, .L19+4
 480 004e FFF7FEFF 		bl	__aeabi_fdiv
 481              	.LVL56:
 482              		.loc 1 97 42 discriminator 3 view .LVU108
 483 0052 6861     		str	r0, [r5, #20]	@ float
  98:Control/kinematics/kinematics.c **** 
  99:Control/kinematics/kinematics.c ****             // 6. 保存当前计数值，供下一次 (10ms后) 使用
 100:Control/kinematics/kinematics.c ****             kin->motor[id].last_tick = current_ticks;
 484              		.loc 1 100 13 is_stmt 1 discriminator 3 view .LVU109
 485              		.loc 1 100 38 is_stmt 0 discriminator 3 view .LVU110
 486 0054 2E82     		strh	r6, [r5, #16]	@ movhi
 487              	.LBE4:
  81:Control/kinematics/kinematics.c ****             // 1. 读取当前定时器的编码器计数值
 488              		.loc 1 81 40 is_stmt 1 discriminator 3 view .LVU111
  81:Control/kinematics/kinematics.c ****             // 1. 读取当前定时器的编码器计数值
 489              		.loc 1 81 42 is_stmt 0 discriminator 3 view .LVU112
 490 0056 0134     		adds	r4, r4, #1
 491              	.LVL57:
 492              	.L16:
  81:Control/kinematics/kinematics.c ****             // 1. 读取当前定时器的编码器计数值
 493              		.loc 1 81 22 is_stmt 1 discriminator 1 view .LVU113
  81:Control/kinematics/kinematics.c ****             // 1. 读取当前定时器的编码器计数值
 494              		.loc 1 81 5 is_stmt 0 discriminator 1 view .LVU114
 495 0058 032C     		cmp	r4, #3
 496 005a D7DD     		ble	.L17
 497              	.LBE3:
 101:Control/kinematics/kinematics.c ****         }
 102:Control/kinematics/kinematics.c **** }
 498              		.loc 1 102 1 view .LVU115
 499 005c BDE8F087 		pop	{r4, r5, r6, r7, r8, r9, r10, pc}
 500              	.LVL58:
 501              	.L20:
 502              		.loc 1 102 1 view .LVU116
 503              		.align	2
 504              	.L19:
 505 0060 00007A44 		.word	1148846080
 506 0064 0AD7233C 		.word	1008981770
 507              		.cfi_endproc
 508              	.LFE70:
 510              		.global	__aeabi_f2iz
 511              		.section	.text.Kinematics_GetMotorSpeed,"ax",%progbits
 512              		.align	1
 513              		.global	Kinematics_GetMotorSpeed
 514              		.syntax unified
 515              		.thumb
 516              		.thumb_func
 517              		.fpu softvfp
ARM GAS  /tmp/cckPZVN7.s 			page 12


 519              	Kinematics_GetMotorSpeed:
 520              	.LVL59:
 521              	.LFB71:
 103:Control/kinematics/kinematics.c **** 
 104:Control/kinematics/kinematics.c **** int16_t Kinematics_GetMotorSpeed(Kinematics_t *kin, MotorID_t id) {
 522              		.loc 1 104 67 is_stmt 1 view -0
 523              		.cfi_startproc
 524              		@ args = 0, pretend = 0, frame = 0
 525              		@ frame_needed = 0, uses_anonymous_args = 0
 105:Control/kinematics/kinematics.c ****     if (id < MOTOR_COUNT) {
 526              		.loc 1 105 5 view .LVU118
 527              		.loc 1 105 8 is_stmt 0 view .LVU119
 528 0000 0329     		cmp	r1, #3
 529 0002 01D9     		bls	.L28
 106:Control/kinematics/kinematics.c ****         return (int16_t)kin->motor[id].current_speed;
 107:Control/kinematics/kinematics.c ****     }
 108:Control/kinematics/kinematics.c ****     return 0;
 530              		.loc 1 108 12 view .LVU120
 531 0004 0020     		movs	r0, #0
 532              	.LVL60:
 109:Control/kinematics/kinematics.c **** }...
 533              		.loc 1 109 1 view .LVU121
 534 0006 7047     		bx	lr
 535              	.LVL61:
 536              	.L28:
 104:Control/kinematics/kinematics.c **** int16_t Kinematics_GetMotorSpeed(Kinematics_t *kin, MotorID_t id) {
 537              		.loc 1 104 67 view .LVU122
 538 0008 08B5     		push	{r3, lr}
 539              	.LCFI5:
 540              		.cfi_def_cfa_offset 8
 541              		.cfi_offset 3, -8
 542              		.cfi_offset 14, -4
 106:Control/kinematics/kinematics.c ****         return (int16_t)kin->motor[id].current_speed;
 543              		.loc 1 106 9 is_stmt 1 view .LVU123
 106:Control/kinematics/kinematics.c ****         return (int16_t)kin->motor[id].current_speed;
 544              		.loc 1 106 39 is_stmt 0 view .LVU124
 545 000a 01EB4101 		add	r1, r1, r1, lsl #1
 546              	.LVL62:
 106:Control/kinematics/kinematics.c ****         return (int16_t)kin->motor[id].current_speed;
 547              		.loc 1 106 39 view .LVU125
 548 000e 00EB8100 		add	r0, r0, r1, lsl #2
 549              	.LVL63:
 106:Control/kinematics/kinematics.c ****         return (int16_t)kin->motor[id].current_speed;
 550              		.loc 1 106 16 view .LVU126
 551 0012 4069     		ldr	r0, [r0, #20]	@ float
 552 0014 FFF7FEFF 		bl	__aeabi_f2iz
 553              	.LVL64:
 554 0018 00B2     		sxth	r0, r0
 555              		.loc 1 109 1 view .LVU127
 556 001a 08BD     		pop	{r3, pc}
 557              		.cfi_endproc
 558              	.LFE71:
 560              		.global	CONTROL_PERIOD_S
 561              		.global	TRACK_WIDTH
 562              		.global	WHEEL_BASE
 563              		.global	ENCODER_TICKS_PER_REV
 564              		.global	WHEEL_DIAMETER_MM
ARM GAS  /tmp/cckPZVN7.s 			page 13


 565              		.global	PI
 566              		.section	.rodata.CONTROL_PERIOD_S,"a"
 567              		.align	2
 570              	CONTROL_PERIOD_S:
 571 0000 0AD7233C 		.word	1008981770
 572              		.section	.rodata.ENCODER_TICKS_PER_REV,"a"
 573              		.align	2
 576              	ENCODER_TICKS_PER_REV:
 577 0000 0000A544 		.word	1151664128
 578              		.section	.rodata.PI,"a"
 579              		.align	2
 582              	PI:
 583 0000 DB0F4940 		.word	1078530011
 584              		.section	.rodata.TRACK_WIDTH,"a"
 585              		.align	2
 588              	TRACK_WIDTH:
 589 0000 CDCC4C3E 		.word	1045220557
 590              		.section	.rodata.WHEEL_BASE,"a"
 591              		.align	2
 594              	WHEEL_BASE:
 595 0000 3D0A573E 		.word	1045891645
 596              		.section	.rodata.WHEEL_DIAMETER_MM,"a"
 597              		.align	2
 600              	WHEEL_DIAMETER_MM:
 601 0000 66669842 		.word	1117283942
 602              		.text
 603              	.Letext0:
 604              		.file 2 "/usr/lib/gcc/arm-none-eabi/10.3.1/include/stdint.h"
 605              		.file 3 "Core/Inc/global.h"
 606              		.file 4 "Drivers/CMSIS/Device/ST/STM32F1xx/Include/stm32f103xe.h"
 607              		.file 5 "Drivers/STM32F1xx_HAL_Driver/Inc/stm32f1xx_hal_def.h"
 608              		.file 6 "Drivers/STM32F1xx_HAL_Driver/Inc/stm32f1xx_hal_dma.h"
 609              		.file 7 "Drivers/STM32F1xx_HAL_Driver/Inc/stm32f1xx_hal_tim.h"
 610              		.file 8 "Hardware/Motor/motor.h"
 611              		.file 9 "Control/kinematics/kinematics.h"
 612              		.file 10 "<built-in>"
ARM GAS  /tmp/cckPZVN7.s 			page 14


DEFINED SYMBOLS
                            *ABS*:0000000000000000 kinematics.c
     /tmp/cckPZVN7.s:18     .text.Kinematics_SetWheelDistance:0000000000000000 $t
     /tmp/cckPZVN7.s:26     .text.Kinematics_SetWheelDistance:0000000000000000 Kinematics_SetWheelDistance
     /tmp/cckPZVN7.s:69     .text.Kinematics_SetMotorParam:0000000000000000 $t
     /tmp/cckPZVN7.s:76     .text.Kinematics_SetMotorParam:0000000000000000 Kinematics_SetMotorParam
     /tmp/cckPZVN7.s:104    .text.Kinematics_Init:0000000000000000 $t
     /tmp/cckPZVN7.s:111    .text.Kinematics_Init:0000000000000000 Kinematics_Init
     /tmp/cckPZVN7.s:171    .text.Kinematics_Init:000000000000002c $d
     /tmp/cckPZVN7.s:179    .text.Kinematics_Inverse:0000000000000000 $t
     /tmp/cckPZVN7.s:186    .text.Kinematics_Inverse:0000000000000000 Kinematics_Inverse
     /tmp/cckPZVN7.s:288    .text.Kinematics_Forward:0000000000000000 $t
     /tmp/cckPZVN7.s:295    .text.Kinematics_Forward:0000000000000000 Kinematics_Forward
     /tmp/cckPZVN7.s:396    .text.Kinematics_UpdateMotorSpeed:0000000000000000 $t
     /tmp/cckPZVN7.s:403    .text.Kinematics_UpdateMotorSpeed:0000000000000000 Kinematics_UpdateMotorSpeed
     /tmp/cckPZVN7.s:505    .text.Kinematics_UpdateMotorSpeed:0000000000000060 $d
     /tmp/cckPZVN7.s:512    .text.Kinematics_GetMotorSpeed:0000000000000000 $t
     /tmp/cckPZVN7.s:519    .text.Kinematics_GetMotorSpeed:0000000000000000 Kinematics_GetMotorSpeed
     /tmp/cckPZVN7.s:570    .rodata.CONTROL_PERIOD_S:0000000000000000 CONTROL_PERIOD_S
     /tmp/cckPZVN7.s:588    .rodata.TRACK_WIDTH:0000000000000000 TRACK_WIDTH
     /tmp/cckPZVN7.s:594    .rodata.WHEEL_BASE:0000000000000000 WHEEL_BASE
     /tmp/cckPZVN7.s:576    .rodata.ENCODER_TICKS_PER_REV:0000000000000000 ENCODER_TICKS_PER_REV
     /tmp/cckPZVN7.s:600    .rodata.WHEEL_DIAMETER_MM:0000000000000000 WHEEL_DIAMETER_MM
     /tmp/cckPZVN7.s:582    .rodata.PI:0000000000000000 PI
     /tmp/cckPZVN7.s:567    .rodata.CONTROL_PERIOD_S:0000000000000000 $d
     /tmp/cckPZVN7.s:573    .rodata.ENCODER_TICKS_PER_REV:0000000000000000 $d
     /tmp/cckPZVN7.s:579    .rodata.PI:0000000000000000 $d
     /tmp/cckPZVN7.s:585    .rodata.TRACK_WIDTH:0000000000000000 $d
     /tmp/cckPZVN7.s:591    .rodata.WHEEL_BASE:0000000000000000 $d
     /tmp/cckPZVN7.s:597    .rodata.WHEEL_DIAMETER_MM:0000000000000000 $d

UNDEFINED SYMBOLS
__aeabi_fadd
__aeabi_fmul
memset
__aeabi_fsub
__aeabi_fdiv
__aeabi_i2f
__aeabi_f2iz
